<?xml version="1.0" encoding="UTF-8"?>
<datasources xmlns="http://www.jboss.org/ironjacamar/schema" xmlns:xsi="http://www.w3.org/2001/XMLSchema-instance" xsi:schemaLocation="http://www.jboss.org/ironjacamar/schema http://docs.jboss.org/ironjacamar/schema/datasources_1_0.xsd">
 <datasource jndi-name="java:jboss/datasources/WFTravelDS" enabled="true" use-java-context="true" pool-name="WFTravelDS">
  <connection-url>jdbc:mysql://localhost:3306/test</connection-url>
  <driver>mysql-connector-java-5.1.30.jar</driver>
  <pool></pool>
  <security>
   <user-name>test_user</user-name>
   <password>test_pass</password>
  </security>
 </datasource>
</datasources>
