<?xml version="1.0" encoding="UTF-8"?>
<persistence version="2.1"
   xmlns="http://xmlns.jcp.org/xml/ns/persistence" xmlns:xsi="http://www.w3.org/2001/XMLSchema-instance"
   xsi:schemaLocation="
        http://xmlns.jcp.org/xml/ns/persistence
        http://xmlns.jcp.org/xml/ns/persistence/persistence_2_1.xsd">
   <persistence-unit name="primary">
      <!-- We use a different datasource for tests, so as to not overwrite 
         production data. This is an unmanaged data source, backed by H2, an in memory 
         database. Production applications should use a managed datasource. -->
      <!-- The datasource is deployed as WEB-INF/test-ds.xml, 
         you can find it in the source at src/test/resources/test-ds.xml -->
      <jta-data-source>java:jboss/datasources/BeanValidationQuickstartTestDS</jta-data-source>
      <properties>
         <!-- Properties for Hibernate -->
         <property name="hibernate.hbm2ddl.auto" value="create-drop" />
         <property name="hibernate.show_sql" value="false" />
      </properties>
   </persistence-unit>
</persistence>
